#
# A fatal error has been detected by the Java Runtime Environment:
#
#  SIGSEGV (0xb) at pc=0x00007fff2ef250eb, pid=64542, tid=6147
#
# JRE version: Java(TM) SE Runtime Environment (14.0.2+12) (build 14.0.2+12-46)
# Java VM: Java HotSpot(TM) 64-Bit Server VM (14.0.2+12-46, mixed mode, sharing, tiered, compressed oops, g1 gc, bsd-amd64)
# Problematic frame:
# C  [CoreGraphics+0x1f0eb]  device_state_release+0xe
#
# No core dump will be written. Core dumps have been disabled. To enable core dumping, try "ulimit -c unlimited" before starting Java again
#
# If you would like to submit a bug report, please visit:
#   https://bugreport.java.com/bugreport/crash.jsp
# The crash happened outside the Java Virtual Machine in native code.
# See problematic frame for where to report the bug.
#

---------------  S U M M A R Y ------------

Command Line: -Djava.library.path=/Users/vic/eclipse-workspace/Engine/native/glfw:/Users/vic/eclipse-workspace/Engine/native/lwjgl -Dfile.encoding=UTF-8 -XX:+ShowCodeDetailsInExceptionMessages main.Main

Host: MacBookPro15,4 x86_64 1400 MHz, 8 cores, 8G, Darwin 19.4.0
Time: Sat Oct 31 12:28:34 2020 EDT elapsed time: 0 seconds (0d 0h 0m 0s)

---------------  T H R E A D  ---------------

Current thread (0x00007f878c009000):  JavaThread "main" [_thread_in_native, id=6147, stack(0x000070000b701000,0x000070000b801000)]

Stack: [0x000070000b701000,0x000070000b801000],  sp=0x000070000b7ff1b0,  free space=1016k
Native frames: (J=compiled Java code, A=aot compiled Java code, j=interpreted, Vv=VM code, C=native code)
C  [CoreGraphics+0x1f0eb]  device_state_release+0xe
C  [CoreGraphics+0x2b20d]  CGGStateRelease+0x2a
C  [CoreGraphics+0x2b1c1]  CGGStackRestore+0x2c
C  [CoreGraphics+0x2b175]  CGContextRestoreGState+0x20
C  [HIToolbox+0x24aba]  _ZN13HIMenuBarView8DrawOnceE6CGRectS0_bbP9CGContext+0x86
C  [HIToolbox+0x2494e]  _ZN13HIMenuBarView8DrawSelfEsPK9__HIShapeP9CGContext+0x23a
C  [HIToolbox+0x243b6]  _ZN13HIMenuBarView24DrawWithoutCustomizationEsPK9__HIShapeP9CGContext+0x52
C  [HIToolbox+0x2434e]  _ZN13HIMenuBarView22DrawingDelegateHandlerEP25OpaqueEventHandlerCallRefP14OpaqueEventRefPv+0x102
C  [HIToolbox+0x88ff]  _ZL23DispatchEventToHandlersP14EventTargetRecP14OpaqueEventRefP14HandlerCallRec+0x4e6
C  [HIToolbox+0x7d8d]  _ZL30SendEventToEventTargetInternalP14OpaqueEventRefP20OpaqueEventTargetRefP14HandlerCallRec+0x149
C  [HIToolbox+0x7c3d]  SendEventToEventTargetWithOptions+0x2d
C  [HIToolbox+0x23ecd]  _ZN6HIView8SendDrawEsP13OpaqueGrafPtrPK9__HIShapeP9CGContext+0x145
C  [HIToolbox+0x23967]  _ZN6HIView23RecursiveDrawCompositedEPK9__HIShapeS2_jPS_P9CGContexthd+0x23f
C  [HIToolbox+0x23b61]  _ZN6HIView23RecursiveDrawCompositedEPK9__HIShapeS2_jPS_P9CGContexthd+0x439
C  [HIToolbox+0x23399]  _ZN6HIView14DrawCompositedEsP13OpaqueGrafPtrPK9__HIShapejPS_P9CGContext+0x32f
C  [HIToolbox+0x2305b]  _ZN6HIView6RenderEjP9CGContext+0x33
C  [HIToolbox+0x22783]  _ZN10WindowData20PrepareForVisibilityEv+0x99
C  [HIToolbox+0x789c8]  _ShowHideWindows+0x11e
C  [HIToolbox+0x221b4]  ShowHide+0x23
C  [HIToolbox+0x12217]  _ZN9MBWindows18GetWindowOnDisplayEjh+0x127
C  [HIToolbox+0x11ff7]  _ZN15MenuBarInstance15ForEachWindowDoEhU13block_pointerFbP15OpaqueWindowPtrjE+0xb7
C  [HIToolbox+0x11efb]  _ZN15MenuBarInstance28SetBoundsAndUpdateResolutionEv+0x67
C  [HIToolbox+0x11a72]  _ZN15MenuBarInstance4ShowE21MenuBarAnimationStylehhhh+0x118
C  [HIToolbox+0x114aa]  _ZN15MenuBarInstance21UpdateAggregateUIModeE21MenuBarAnimationStylehhh+0x324
C  [HIToolbox+0x110aa]  _ZN15MenuBarInstance16ForEachMenuBarDoEU13block_pointerFvPS_E+0x2e
C  [HIToolbox+0x11042]  _ZL25UpdateAllAggregateUIModes21MenuBarAnimationStyleh+0x7e
C  [HIToolbox+0x10fae]  SetSystemUIMode+0xa5
C  [AppKit+0x3165b]  -[NSApplication finishLaunching]+0x2dc
C  [AppKit+0x31050]  -[NSApplication run]+0xf4
C  [libglfw.dylib+0x10a85]
C  [libglfw.dylib+0xa416]
j  org.lwjgl.system.JNI.invokePPPP(IIJJJJ)J+0
j  org.lwjgl.glfw.GLFW.nglfwCreateWindow(IIJJJ)J+14
j  org.lwjgl.glfw.GLFW.glfwCreateWindow(IILjava/lang/CharSequence;JJ)J+37
j  main.Main.main([Ljava/lang/String;)V+43
v  ~StubRoutines::call_stub
V  [libjvm.dylib+0x34b6f6]  _ZN9JavaCalls11call_helperEP9JavaValueRK12methodHandleP17JavaCallArgumentsP6Thread+0x256
V  [libjvm.dylib+0x38fdb9]  _ZL17jni_invoke_staticP7JNIEnv_P9JavaValueP8_jobject11JNICallTypeP10_jmethodIDP18JNI_ArgumentPusherP6Thread+0x11c
V  [libjvm.dylib+0x39369c]  jni_CallStaticVoidMethod+0x1b3
C  [libjli.dylib+0x4a42]  JavaMain+0xab4
C  [libjli.dylib+0x6d4a]  ThreadJavaMain+0x9
C  [libsystem_pthread.dylib+0x6109]  _pthread_start+0x94
C  [libsystem_pthread.dylib+0x1b8b]  thread_start+0xf

Java frames: (J=compiled Java code, j=interpreted, Vv=VM code)
j  org.lwjgl.system.JNI.invokePPPP(IIJJJJ)J+0
j  org.lwjgl.glfw.GLFW.nglfwCreateWindow(IIJJJ)J+14
j  org.lwjgl.glfw.GLFW.glfwCreateWindow(IILjava/lang/CharSequence;JJ)J+37
j  main.Main.main([Ljava/lang/String;)V+43
v  ~StubRoutines::call_stub

siginfo: si_signo: 11 (SIGSEGV), si_code: 0 (unknown), si_addr: 0x0000000000000000

Register to memory mapping:

RAX=0x0000000000001803 is an unknown value
RBX=0x000c7f878a17d1c0 is an unknown value
RCX=0x0 is NULL
RDX=0x0000000000074f40 is an unknown value
RSP=0x000070000b7ff1b0 is pointing into the stack for thread: 0x00007f878c009000
RBP=0x000070000b7ff1c0 is pointing into the stack for thread: 0x00007f878c009000
RSI=0x00007f8787c00000 points into unknown readable memory: 00 00 00 00 00 00 00 00
RDI=0x000c7f878a17d1c0 is an unknown value
R8 =0x0000000000008125 is an unknown value
R9 =0x0000000000000001 is an unknown value
R10=0x00007f8787c00000 points into unknown readable memory: 00 00 00 00 00 00 00 00
R11=0x00007f8787c8a530 points into unknown readable memory: d9 32 78 86 ff ff 1d 00
R12=0x00007f8787e134e0 points into unknown readable memory: b8 f9 35 86 ff 7f 00 00
R13=0x0 is NULL
R14=0x0 is NULL
R15=0x000070000b7ff450 is pointing into the stack for thread: 0x00007f878c009000


Registers:
RAX=0x0000000000001803, RBX=0x000c7f878a17d1c0, RCX=0x0000000000000000, RDX=0x0000000000074f40
RSP=0x000070000b7ff1b0, RBP=0x000070000b7ff1c0, RSI=0x00007f8787c00000, RDI=0x000c7f878a17d1c0
R8 =0x0000000000008125, R9 =0x0000000000000001, R10=0x00007f8787c00000, R11=0x00007f8787c8a530
R12=0x00007f8787e134e0, R13=0x0000000000000000, R14=0x0000000000000000, R15=0x000070000b7ff450
RIP=0x00007fff2ef250eb, EFLAGS=0x0000000000010206, ERR=0x0000000000000000
  TRAPNO=0x000000000000000d

Top of Stack: (sp=0x000070000b7ff1b0)
0x000070000b7ff1b0:   0000000000001803 00007f8787c8b7c0
0x000070000b7ff1c0:   000070000b7ff1e0 00007fff2ef3120d
0x000070000b7ff1d0:   00007f878a170e70 00007f878a170e70
0x000070000b7ff1e0:   000070000b7ff200 00007fff2ef311c1
0x000070000b7ff1f0:   00007fff867da7b0 00007f878a160f90
0x000070000b7ff200:   000070000b7ff220 00007fff2ef31175
0x000070000b7ff210:   00007fff867da7b0 00007f878a160f90
0x000070000b7ff220:   000070000b7ff3a0 00007fff2d72faba
0x000070000b7ff230:   0000000000000000 0000000000000000
0x000070000b7ff240:   4096800000000000 4036000000000000
0x000070000b7ff250:   fc14a8d98089005b 00007f8787c6e290
0x000070000b7ff260:   000000000007b237 00007f8787c6e2c0
0x000070000b7ff270:   000070000b7ff2a0 00007fff5dac4e92
0x000070000b7ff280:   0000000000000000 00007f878a00fd50
0x000070000b7ff290:   000000000007b237 00007fff65bb8585
0x000070000b7ff2a0:   000070000b7ff2f0 00007fff5dac4db6
0x000070000b7ff2b0:   0000000000000000 0007b2378a00fd50
0x000070000b7ff2c0:   000000000007b237 00007fff65bb8585
0x000070000b7ff2d0:   fc14a8d98089005b 00007fff689f8170
0x000070000b7ff2e0:   0000000000000000 000070000b7ff3c0
0x000070000b7ff2f0:   000070000b7ff330 00007fff5dac531c
0x000070000b7ff300:   0000000000000000 00007f878a216010
0x000070000b7ff310:   00007f8787e134e0 000000000007b237
0x000070000b7ff320:   0000000000000000 000070000b7ff3c0
0x000070000b7ff330:   000070000b7ff390 00007fff5dad0dce
0x000070000b7ff340:   0000000000000000 0001000200000000
0x000070000b7ff350:   aaaaaaaa00130000 000000000000971b
0x000070000b7ff360:   0000733d00001903 00007f878a160f90
0x000070000b7ff370:   00007f8787e134e0 0000000000000008
0x000070000b7ff380:   00007f8787e134e0 00007f878a160f90
0x000070000b7ff390:   0000000000000001 000070000b7ff450
0x000070000b7ff3a0:   000070000b7ff4a0 00007fff2d72f94e 

Instructions: (pc=0x00007fff2ef250eb)
0x00007fff2ef24feb:   c0 00 00 00 00 00 00 00 48 8b 05 c6 b7 86 57 48
0x00007fff2ef24ffb:   8b 00 48 3b 45 e8 75 0f 48 89 d8 48 83 c4 20 5b
0x00007fff2ef2500b:   41 5e 5d c5 f8 77 c3 c5 f8 77 e8 c4 8e 42 00 55
0x00007fff2ef2501b:   48 89 e5 53 50 48 89 fb 31 f6 e8 26 00 00 00 48
0x00007fff2ef2502b:   89 df e8 52 00 00 00 48 89 df e8 1a 01 00 00 48
0x00007fff2ef2503b:   89 df e8 db 02 00 00 48 89 df 48 83 c4 08 5b 5d
0x00007fff2ef2504b:   e9 a8 03 00 00 55 48 89 e5 41 56 53 49 89 f6 48
0x00007fff2ef2505b:   89 fb 48 8b 7f 48 e8 d5 37 ff ff 84 c0 75 15 48
0x00007fff2ef2506b:   8b 7b 48 e8 07 4d fe ff 4c 89 f7 e8 89 38 ff ff
0x00007fff2ef2507b:   48 89 43 48 5b 41 5e 5d c3 55 48 89 e5 53 50 48
0x00007fff2ef2508b:   89 fb 48 8b bf b8 00 00 00 e8 44 00 00 00 48 83
0x00007fff2ef2509b:   3d 07 1f 8b 57 ff 75 25 48 8b 05 f6 1e 8b 57 48
0x00007fff2ef250ab:   85 c0 74 04 f0 ff 40 04 48 89 83 b8 00 00 00 c6
0x00007fff2ef250bb:   83 b0 00 00 00 01 48 83 c4 08 5b 5d c3 48 8d 3d
0x00007fff2ef250cb:   d9 1e 8b 57 48 8d 35 72 24 8a 57 e8 05 8f 42 00
0x00007fff2ef250db:   eb c6 55 48 89 e5 53 50 48 85 ff 74 29 48 89 fb
0x00007fff2ef250eb:   f0 ff 4f 04 75 20 48 8b 7b 20 e8 00 47 01 00 48
0x00007fff2ef250fb:   8b 7b 28 e8 f7 46 01 00 48 89 df 48 83 c4 08 5b
0x00007fff2ef2510b:   5d e9 65 8f 42 00 48 83 c4 08 5b 5d c3 55 48 89
0x00007fff2ef2511b:   e5 bf 30 00 00 00 e8 bc 8f 42 00 c7 40 04 01 00
0x00007fff2ef2512b:   00 00 c5 f8 57 c0 c5 f8 11 40 08 66 c7 40 18 00
0x00007fff2ef2513b:   00 c5 f8 11 40 1c c7 40 2c 00 00 00 00 48 89 05
0x00007fff2ef2514b:   51 1e 8b 57 c6 00 01 5d c3 55 48 89 e5 53 50 48
0x00007fff2ef2515b:   89 fb 48 8b bf a8 00 00 00 e8 44 00 00 00 48 83
0x00007fff2ef2516b:   3d 0f 1f 8b 57 ff 75 25 48 8b 05 fe 1e 8b 57 48
0x00007fff2ef2517b:   85 c0 74 04 f0 ff 40 04 48 89 83 a8 00 00 00 c6
0x00007fff2ef2518b:   83 a0 00 00 00 01 48 83 c4 08 5b 5d c3 48 8d 3d
0x00007fff2ef2519b:   e1 1e 8b 57 48 8d 35 42 55 8a 57 e8 35 8e 42 00
0x00007fff2ef251ab:   eb c6 55 48 89 e5 53 50 48 85 ff 74 2e 48 89 fb
0x00007fff2ef251bb:   f0 ff 4f 04 75 25 80 3b 00 75 27 48 8b 7b 08 e8
0x00007fff2ef251cb:   26 bd 02 00 48 8b 7b 48 e8 a2 4b fe ff 48 89 df
0x00007fff2ef251db:   48 83 c4 08 5b 5d e9 90 8e 42 00 48 83 c4 08 5b 


Stack slot to memory mapping:
stack at sp + 0 slots: 0x0000000000001803 is an unknown value
stack at sp + 1 slots: 0x00007f8787c8b7c0 points into unknown readable memory: 91 c1 c8 87 87 ff 1d 00
stack at sp + 2 slots: 0x000070000b7ff1e0 is pointing into the stack for thread: 0x00007f878c009000
stack at sp + 3 slots: 0x00007fff2ef3120d: CGGStateRelease+0x2a in /System/Library/Frameworks/CoreGraphics.framework/Versions/A/CoreGraphics at 0x00007fff2ef06000
stack at sp + 4 slots: 0x00007f878a170e70 points into unknown readable memory: e0 8a 17 8a 87 7f 00 00
stack at sp + 5 slots: 0x00007f878a170e70 points into unknown readable memory: e0 8a 17 8a 87 7f 00 00
stack at sp + 6 slots: 0x000070000b7ff200 is pointing into the stack for thread: 0x00007f878c009000
stack at sp + 7 slots: 0x00007fff2ef311c1: CGGStackRestore+0x2c in /System/Library/Frameworks/CoreGraphics.framework/Versions/A/CoreGraphics at 0x00007fff2ef06000


---------------  P R O C E S S  ---------------

Threads class SMR info:
_java_thread_list=0x00007f8787f16d60, length=10, elements={
0x00007f878c009000, 0x00007f8789825000, 0x00007f878b808800, 0x00007f878a809000,
0x00007f878c06f000, 0x00007f878900d000, 0x00007f8789828000, 0x00007f878b809800,
0x00007f878c079800, 0x00007f8789825800
}

Java Threads: ( => current thread )
=>0x00007f878c009000 JavaThread "main" [_thread_in_native, id=6147, stack(0x000070000b701000,0x000070000b801000)]
  0x00007f8789825000 JavaThread "Reference Handler" daemon [_thread_blocked, id=14339, stack(0x000070000be16000,0x000070000bf16000)]
  0x00007f878b808800 JavaThread "Finalizer" daemon [_thread_blocked, id=17411, stack(0x000070000bf19000,0x000070000c019000)]
  0x00007f878a809000 JavaThread "Signal Dispatcher" daemon [_thread_blocked, id=43011, stack(0x000070000c122000,0x000070000c222000)]
  0x00007f878c06f000 JavaThread "Service Thread" daemon [_thread_blocked, id=42755, stack(0x000070000c225000,0x000070000c325000)]
  0x00007f878900d000 JavaThread "C2 CompilerThread0" daemon [_thread_blocked, id=23043, stack(0x000070000c328000,0x000070000c428000)]
  0x00007f8789828000 JavaThread "C1 CompilerThread0" daemon [_thread_blocked, id=23555, stack(0x000070000c42b000,0x000070000c52b000)]
  0x00007f878b809800 JavaThread "Sweeper thread" daemon [_thread_blocked, id=41987, stack(0x000070000c52e000,0x000070000c62e000)]
  0x00007f878c079800 JavaThread "Notification Thread" daemon [_thread_blocked, id=41475, stack(0x000070000c631000,0x000070000c731000)]
  0x00007f8789825800 JavaThread "Common-Cleaner" daemon [_thread_blocked, id=25091, stack(0x000070000c837000,0x000070000c937000)]

Other Threads:
  0x00007f878900a000 VMThread "VM Thread" [stack: 0x000070000bd13000,0x000070000be13000] [id=17923]
  0x00007f878c07a800 WatcherThread [stack: 0x000070000c734000,0x000070000c834000] [id=41219]
  0x00007f8788036800 GCTaskThread "GC Thread#0" [stack: 0x000070000b804000,0x000070000b904000] [id=19715]
  0x00007f8788047000 ConcurrentGCThread "G1 Main Marker" [stack: 0x000070000b907000,0x000070000ba07000] [id=12291]
  0x00007f8788048000 ConcurrentGCThread "G1 Conc#0" [stack: 0x000070000ba0a000,0x000070000bb0a000] [id=18947]
  0x00007f878c069800 ConcurrentGCThread "G1 Refine#0" [stack: 0x000070000bb0d000,0x000070000bc0d000] [id=13059]
  0x00007f8788808800 ConcurrentGCThread "G1 Young RemSet Sampling" [stack: 0x000070000bc10000,0x000070000bd10000] [id=13315]

Threads with active compile tasks:

VM state:not at safepoint (normal execution)

VM Mutex/Monitor currently owned by a thread: None

Heap address: 0x0000000780000000, size: 2048 MB, Compressed Oops mode: Zero based, Oop shift amount: 3
Narrow klass base: 0x0000000800000000, Narrow klass shift: 3
Compressed class space size: 1073741824 Address: 0x0000000800b05000

Heap:
 garbage-first heap   total 133120K, used 3888K [0x0000000780000000, 0x0000000800000000)
  region size 1024K, 5 young (5120K), 0 survivors (0K)
 Metaspace       used 2133K, capacity 5476K, committed 5632K, reserved 1056768K
  class space    used 167K, capacity 467K, committed 512K, reserved 1048576K
Heap Regions: E=young(eden), S=young(survivor), O=old, HS=humongous(starts), HC=humongous(continues), CS=collection set, F=free, OA=open archive, CA=closed archive, TAMS=top-at-mark-start (previous, next)
|   0|0x0000000780000000, 0x0000000780000000, 0x0000000780100000|  0%| F|  |TAMS 0x0000000780000000, 0x0000000780000000| Untracked 
|   1|0x0000000780100000, 0x0000000780100000, 0x0000000780200000|  0%| F|  |TAMS 0x0000000780100000, 0x0000000780100000| Untracked 
|   2|0x0000000780200000, 0x0000000780200000, 0x0000000780300000|  0%| F|  |TAMS 0x0000000780200000, 0x0000000780200000| Untracked 
|   3|0x0000000780300000, 0x0000000780300000, 0x0000000780400000|  0%| F|  |TAMS 0x0000000780300000, 0x0000000780300000| Untracked 
|   4|0x0000000780400000, 0x0000000780400000, 0x0000000780500000|  0%| F|  |TAMS 0x0000000780400000, 0x0000000780400000| Untracked 
|   5|0x0000000780500000, 0x0000000780500000, 0x0000000780600000|  0%| F|  |TAMS 0x0000000780500000, 0x0000000780500000| Untracked 
|   6|0x0000000780600000, 0x0000000780600000, 0x0000000780700000|  0%| F|  |TAMS 0x0000000780600000, 0x0000000780600000| Untracked 
|   7|0x0000000780700000, 0x0000000780700000, 0x0000000780800000|  0%| F|  |TAMS 0x0000000780700000, 0x0000000780700000| Untracked 
|   8|0x0000000780800000, 0x0000000780800000, 0x0000000780900000|  0%| F|  |TAMS 0x0000000780800000, 0x0000000780800000| Untracked 
|   9|0x0000000780900000, 0x0000000780900000, 0x0000000780a00000|  0%| F|  |TAMS 0x0000000780900000, 0x0000000780900000| Untracked 
|  10|0x0000000780a00000, 0x0000000780a00000, 0x0000000780b00000|  0%| F|  |TAMS 0x0000000780a00000, 0x0000000780a00000| Untracked 
|  11|0x0000000780b00000, 0x0000000780b00000, 0x0000000780c00000|  0%| F|  |TAMS 0x0000000780b00000, 0x0000000780b00000| Untracked 
|  12|0x0000000780c00000, 0x0000000780c00000, 0x0000000780d00000|  0%| F|  |TAMS 0x0000000780c00000, 0x0000000780c00000| Untracked 
|  13|0x0000000780d00000, 0x0000000780d00000, 0x0000000780e00000|  0%| F|  |TAMS 0x0000000780d00000, 0x0000000780d00000| Untracked 
|  14|0x0000000780e00000, 0x0000000780e00000, 0x0000000780f00000|  0%| F|  |TAMS 0x0000000780e00000, 0x0000000780e00000| Untracked 
|  15|0x0000000780f00000, 0x0000000780f00000, 0x0000000781000000|  0%| F|  |TAMS 0x0000000780f00000, 0x0000000780f00000| Untracked 
|  16|0x0000000781000000, 0x0000000781000000, 0x0000000781100000|  0%| F|  |TAMS 0x0000000781000000, 0x0000000781000000| Untracked 
|  17|0x0000000781100000, 0x0000000781100000, 0x0000000781200000|  0%| F|  |TAMS 0x0000000781100000, 0x0000000781100000| Untracked 
|  18|0x0000000781200000, 0x0000000781200000, 0x0000000781300000|  0%| F|  |TAMS 0x0000000781200000, 0x0000000781200000| Untracked 
|  19|0x0000000781300000, 0x0000000781300000, 0x0000000781400000|  0%| F|  |TAMS 0x0000000781300000, 0x0000000781300000| Untracked 
|  20|0x0000000781400000, 0x0000000781400000, 0x0000000781500000|  0%| F|  |TAMS 0x0000000781400000, 0x0000000781400000| Untracked 
|  21|0x0000000781500000, 0x0000000781500000, 0x0000000781600000|  0%| F|  |TAMS 0x0000000781500000, 0x0000000781500000| Untracked 
|  22|0x0000000781600000, 0x0000000781600000, 0x0000000781700000|  0%| F|  |TAMS 0x0000000781600000, 0x0000000781600000| Untracked 
|  23|0x0000000781700000, 0x0000000781700000, 0x0000000781800000|  0%| F|  |TAMS 0x0000000781700000, 0x0000000781700000| Untracked 
|  24|0x0000000781800000, 0x0000000781800000, 0x0000000781900000|  0%| F|  |TAMS 0x0000000781800000, 0x0000000781800000| Untracked 
|  25|0x0000000781900000, 0x0000000781900000, 0x0000000781a00000|  0%| F|  |TAMS 0x0000000781900000, 0x0000000781900000| Untracked 
|  26|0x0000000781a00000, 0x0000000781a00000, 0x0000000781b00000|  0%| F|  |TAMS 0x0000000781a00000, 0x0000000781a00000| Untracked 
|  27|0x0000000781b00000, 0x0000000781b00000, 0x0000000781c00000|  0%| F|  |TAMS 0x0000000781b00000, 0x0000000781b00000| Untracked 
|  28|0x0000000781c00000, 0x0000000781c00000, 0x0000000781d00000|  0%| F|  |TAMS 0x0000000781c00000, 0x0000000781c00000| Untracked 
|  29|0x0000000781d00000, 0x0000000781d00000, 0x0000000781e00000|  0%| F|  |TAMS 0x0000000781d00000, 0x0000000781d00000| Untracked 
|  30|0x0000000781e00000, 0x0000000781e00000, 0x0000000781f00000|  0%| F|  |TAMS 0x0000000781e00000, 0x0000000781e00000| Untracked 
|  31|0x0000000781f00000, 0x0000000781f00000, 0x0000000782000000|  0%| F|  |TAMS 0x0000000781f00000, 0x0000000781f00000| Untracked 
|  32|0x0000000782000000, 0x0000000782000000, 0x0000000782100000|  0%| F|  |TAMS 0x0000000782000000, 0x0000000782000000| Untracked 
|  33|0x0000000782100000, 0x0000000782100000, 0x0000000782200000|  0%| F|  |TAMS 0x0000000782100000, 0x0000000782100000| Untracked 
|  34|0x0000000782200000, 0x0000000782200000, 0x0000000782300000|  0%| F|  |TAMS 0x0000000782200000, 0x0000000782200000| Untracked 
|  35|0x0000000782300000, 0x0000000782300000, 0x0000000782400000|  0%| F|  |TAMS 0x0000000782300000, 0x0000000782300000| Untracked 
|  36|0x0000000782400000, 0x0000000782400000, 0x0000000782500000|  0%| F|  |TAMS 0x0000000782400000, 0x0000000782400000| Untracked 
|  37|0x0000000782500000, 0x0000000782500000, 0x0000000782600000|  0%| F|  |TAMS 0x0000000782500000, 0x0000000782500000| Untracked 
|  38|0x0000000782600000, 0x0000000782600000, 0x0000000782700000|  0%| F|  |TAMS 0x0000000782600000, 0x0000000782600000| Untracked 
|  39|0x0000000782700000, 0x0000000782700000, 0x0000000782800000|  0%| F|  |TAMS 0x0000000782700000, 0x0000000782700000| Untracked 
|  40|0x0000000782800000, 0x0000000782800000, 0x0000000782900000|  0%| F|  |TAMS 0x0000000782800000, 0x0000000782800000| Untracked 
|  41|0x0000000782900000, 0x0000000782900000, 0x0000000782a00000|  0%| F|  |TAMS 0x0000000782900000, 0x0000000782900000| Untracked 
|  42|0x0000000782a00000, 0x0000000782a00000, 0x0000000782b00000|  0%| F|  |TAMS 0x0000000782a00000, 0x0000000782a00000| Untracked 
|  43|0x0000000782b00000, 0x0000000782b00000, 0x0000000782c00000|  0%| F|  |TAMS 0x0000000782b00000, 0x0000000782b00000| Untracked 
|  44|0x0000000782c00000, 0x0000000782c00000, 0x0000000782d00000|  0%| F|  |TAMS 0x0000000782c00000, 0x0000000782c00000| Untracked 
|  45|0x0000000782d00000, 0x0000000782d00000, 0x0000000782e00000|  0%| F|  |TAMS 0x0000000782d00000, 0x0000000782d00000| Untracked 
|  46|0x0000000782e00000, 0x0000000782e00000, 0x0000000782f00000|  0%| F|  |TAMS 0x0000000782e00000, 0x0000000782e00000| Untracked 
|  47|0x0000000782f00000, 0x0000000782f00000, 0x0000000783000000|  0%| F|  |TAMS 0x0000000782f00000, 0x0000000782f00000| Untracked 
|  48|0x0000000783000000, 0x0000000783000000, 0x0000000783100000|  0%| F|  |TAMS 0x0000000783000000, 0x0000000783000000| Untracked 
|  49|0x0000000783100000, 0x0000000783100000, 0x0000000783200000|  0%| F|  |TAMS 0x0000000783100000, 0x0000000783100000| Untracked 
|  50|0x0000000783200000, 0x0000000783200000, 0x0000000783300000|  0%| F|  |TAMS 0x0000000783200000, 0x0000000783200000| Untracked 
|  51|0x0000000783300000, 0x0000000783300000, 0x0000000783400000|  0%| F|  |TAMS 0x0000000783300000, 0x0000000783300000| Untracked 
|  52|0x0000000783400000, 0x0000000783400000, 0x0000000783500000|  0%| F|  |TAMS 0x0000000783400000, 0x0000000783400000| Untracked 
|  53|0x0000000783500000, 0x0000000783500000, 0x0000000783600000|  0%| F|  |TAMS 0x0000000783500000, 0x0000000783500000| Untracked 
|  54|0x0000000783600000, 0x0000000783600000, 0x0000000783700000|  0%| F|  |TAMS 0x0000000783600000, 0x0000000783600000| Untracked 
|  55|0x0000000783700000, 0x0000000783700000, 0x0000000783800000|  0%| F|  |TAMS 0x0000000783700000, 0x0000000783700000| Untracked 
|  56|0x0000000783800000, 0x0000000783800000, 0x0000000783900000|  0%| F|  |TAMS 0x0000000783800000, 0x0000000783800000| Untracked 
|  57|0x0000000783900000, 0x0000000783900000, 0x0000000783a00000|  0%| F|  |TAMS 0x0000000783900000, 0x0000000783900000| Untracked 
|  58|0x0000000783a00000, 0x0000000783a00000, 0x0000000783b00000|  0%| F|  |TAMS 0x0000000783a00000, 0x0000000783a00000| Untracked 
|  59|0x0000000783b00000, 0x0000000783b00000, 0x0000000783c00000|  0%| F|  |TAMS 0x0000000783b00000, 0x0000000783b00000| Untracked 
|  60|0x0000000783c00000, 0x0000000783c00000, 0x0000000783d00000|  0%| F|  |TAMS 0x0000000783c00000, 0x0000000783c00000| Untracked 
|  61|0x0000000783d00000, 0x0000000783d00000, 0x0000000783e00000|  0%| F|  |TAMS 0x0000000783d00000, 0x0000000783d00000| Untracked 
|  62|0x0000000783e00000, 0x0000000783e00000, 0x0000000783f00000|  0%| F|  |TAMS 0x0000000783e00000, 0x0000000783e00000| Untracked 
|  63|0x0000000783f00000, 0x0000000783f00000, 0x0000000784000000|  0%| F|  |TAMS 0x0000000783f00000, 0x0000000783f00000| Untracked 
|  64|0x0000000784000000, 0x0000000784000000, 0x0000000784100000|  0%| F|  |TAMS 0x0000000784000000, 0x0000000784000000| Untracked 
|  65|0x0000000784100000, 0x0000000784100000, 0x0000000784200000|  0%| F|  |TAMS 0x0000000784100000, 0x0000000784100000| Untracked 
|  66|0x0000000784200000, 0x0000000784200000, 0x0000000784300000|  0%| F|  |TAMS 0x0000000784200000, 0x0000000784200000| Untracked 
|  67|0x0000000784300000, 0x0000000784300000, 0x0000000784400000|  0%| F|  |TAMS 0x0000000784300000, 0x0000000784300000| Untracked 
|  68|0x0000000784400000, 0x0000000784400000, 0x0000000784500000|  0%| F|  |TAMS 0x0000000784400000, 0x0000000784400000| Untracked 
|  69|0x0000000784500000, 0x0000000784500000, 0x0000000784600000|  0%| F|  |TAMS 0x0000000784500000, 0x0000000784500000| Untracked 
|  70|0x0000000784600000, 0x0000000784600000, 0x0000000784700000|  0%| F|  |TAMS 0x0000000784600000, 0x0000000784600000| Untracked 
|  71|0x0000000784700000, 0x0000000784700000, 0x0000000784800000|  0%| F|  |TAMS 0x0000000784700000, 0x0000000784700000| Untracked 
|  72|0x0000000784800000, 0x0000000784800000, 0x0000000784900000|  0%| F|  |TAMS 0x0000000784800000, 0x0000000784800000| Untracked 
|  73|0x0000000784900000, 0x0000000784900000, 0x0000000784a00000|  0%| F|  |TAMS 0x0000000784900000, 0x0000000784900000| Untracked 
|  74|0x0000000784a00000, 0x0000000784a00000, 0x0000000784b00000|  0%| F|  |TAMS 0x0000000784a00000, 0x0000000784a00000| Untracked 
|  75|0x0000000784b00000, 0x0000000784b00000, 0x0000000784c00000|  0%| F|  |TAMS 0x0000000784b00000, 0x0000000784b00000| Untracked 
|  76|0x0000000784c00000, 0x0000000784c00000, 0x0000000784d00000|  0%| F|  |TAMS 0x0000000784c00000, 0x0000000784c00000| Untracked 
|  77|0x0000000784d00000, 0x0000000784d00000, 0x0000000784e00000|  0%| F|  |TAMS 0x0000000784d00000, 0x0000000784d00000| Untracked 
|  78|0x0000000784e00000, 0x0000000784e00000, 0x0000000784f00000|  0%| F|  |TAMS 0x0000000784e00000, 0x0000000784e00000| Untracked 
|  79|0x0000000784f00000, 0x0000000784f00000, 0x0000000785000000|  0%| F|  |TAMS 0x0000000784f00000, 0x0000000784f00000| Untracked 
|  80|0x0000000785000000, 0x0000000785000000, 0x0000000785100000|  0%| F|  |TAMS 0x0000000785000000, 0x0000000785000000| Untracked 
|  81|0x0000000785100000, 0x0000000785100000, 0x0000000785200000|  0%| F|  |TAMS 0x0000000785100000, 0x0000000785100000| Untracked 
|  82|0x0000000785200000, 0x0000000785200000, 0x0000000785300000|  0%| F|  |TAMS 0x0000000785200000, 0x0000000785200000| Untracked 
|  83|0x0000000785300000, 0x0000000785300000, 0x0000000785400000|  0%| F|  |TAMS 0x0000000785300000, 0x0000000785300000| Untracked 
|  84|0x0000000785400000, 0x0000000785400000, 0x0000000785500000|  0%| F|  |TAMS 0x0000000785400000, 0x0000000785400000| Untracked 
|  85|0x0000000785500000, 0x0000000785500000, 0x0000000785600000|  0%| F|  |TAMS 0x0000000785500000, 0x0000000785500000| Untracked 
|  86|0x0000000785600000, 0x0000000785600000, 0x0000000785700000|  0%| F|  |TAMS 0x0000000785600000, 0x0000000785600000| Untracked 
|  87|0x0000000785700000, 0x0000000785700000, 0x0000000785800000|  0%| F|  |TAMS 0x0000000785700000, 0x0000000785700000| Untracked 
|  88|0x0000000785800000, 0x0000000785800000, 0x0000000785900000|  0%| F|  |TAMS 0x0000000785800000, 0x0000000785800000| Untracked 
|  89|0x0000000785900000, 0x0000000785900000, 0x0000000785a00000|  0%| F|  |TAMS 0x0000000785900000, 0x0000000785900000| Untracked 
|  90|0x0000000785a00000, 0x0000000785a00000, 0x0000000785b00000|  0%| F|  |TAMS 0x0000000785a00000, 0x0000000785a00000| Untracked 
|  91|0x0000000785b00000, 0x0000000785b00000, 0x0000000785c00000|  0%| F|  |TAMS 0x0000000785b00000, 0x0000000785b00000| Untracked 
|  92|0x0000000785c00000, 0x0000000785c00000, 0x0000000785d00000|  0%| F|  |TAMS 0x0000000785c00000, 0x0000000785c00000| Untracked 
|  93|0x0000000785d00000, 0x0000000785d00000, 0x0000000785e00000|  0%| F|  |TAMS 0x0000000785d00000, 0x0000000785d00000| Untracked 
|  94|0x0000000785e00000, 0x0000000785e00000, 0x0000000785f00000|  0%| F|  |TAMS 0x0000000785e00000, 0x0000000785e00000| Untracked 
|  95|0x0000000785f00000, 0x0000000785f00000, 0x0000000786000000|  0%| F|  |TAMS 0x0000000785f00000, 0x0000000785f00000| Untracked 
|  96|0x0000000786000000, 0x0000000786000000, 0x0000000786100000|  0%| F|  |TAMS 0x0000000786000000, 0x0000000786000000| Untracked 
|  97|0x0000000786100000, 0x0000000786100000, 0x0000000786200000|  0%| F|  |TAMS 0x0000000786100000, 0x0000000786100000| Untracked 
|  98|0x0000000786200000, 0x0000000786200000, 0x0000000786300000|  0%| F|  |TAMS 0x0000000786200000, 0x0000000786200000| Untracked 
|  99|0x0000000786300000, 0x0000000786300000, 0x0000000786400000|  0%| F|  |TAMS 0x0000000786300000, 0x0000000786300000| Untracked 
| 100|0x0000000786400000, 0x0000000786400000, 0x0000000786500000|  0%| F|  |TAMS 0x0000000786400000, 0x0000000786400000| Untracked 
| 101|0x0000000786500000, 0x0000000786500000, 0x0000000786600000|  0%| F|  |TAMS 0x0000000786500000, 0x0000000786500000| Untracked 
| 102|0x0000000786600000, 0x0000000786600000, 0x0000000786700000|  0%| F|  |TAMS 0x0000000786600000, 0x0000000786600000| Untracked 
| 103|0x0000000786700000, 0x0000000786700000, 0x0000000786800000|  0%| F|  |TAMS 0x0000000786700000, 0x0000000786700000| Untracked 
| 104|0x0000000786800000, 0x0000000786800000, 0x0000000786900000|  0%| F|  |TAMS 0x0000000786800000, 0x0000000786800000| Untracked 
| 105|0x0000000786900000, 0x0000000786900000, 0x0000000786a00000|  0%| F|  |TAMS 0x0000000786900000, 0x0000000786900000| Untracked 
| 106|0x0000000786a00000, 0x0000000786a00000, 0x0000000786b00000|  0%| F|  |TAMS 0x0000000786a00000, 0x0000000786a00000| Untracked 
| 107|0x0000000786b00000, 0x0000000786b00000, 0x0000000786c00000|  0%| F|  |TAMS 0x0000000786b00000, 0x0000000786b00000| Untracked 
| 108|0x0000000786c00000, 0x0000000786c00000, 0x0000000786d00000|  0%| F|  |TAMS 0x0000000786c00000, 0x0000000786c00000| Untracked 
| 109|0x0000000786d00000, 0x0000000786d00000, 0x0000000786e00000|  0%| F|  |TAMS 0x0000000786d00000, 0x0000000786d00000| Untracked 
| 110|0x0000000786e00000, 0x0000000786e00000, 0x0000000786f00000|  0%| F|  |TAMS 0x0000000786e00000, 0x0000000786e00000| Untracked 
| 111|0x0000000786f00000, 0x0000000786f00000, 0x0000000787000000|  0%| F|  |TAMS 0x0000000786f00000, 0x0000000786f00000| Untracked 
| 112|0x0000000787000000, 0x0000000787000000, 0x0000000787100000|  0%| F|  |TAMS 0x0000000787000000, 0x0000000787000000| Untracked 
| 113|0x0000000787100000, 0x0000000787100000, 0x0000000787200000|  0%| F|  |TAMS 0x0000000787100000, 0x0000000787100000| Untracked 
| 114|0x0000000787200000, 0x0000000787200000, 0x0000000787300000|  0%| F|  |TAMS 0x0000000787200000, 0x0000000787200000| Untracked 
| 115|0x0000000787300000, 0x0000000787300000, 0x0000000787400000|  0%| F|  |TAMS 0x0000000787300000, 0x0000000787300000| Untracked 
| 116|0x0000000787400000, 0x0000000787400000, 0x0000000787500000|  0%| F|  |TAMS 0x0000000787400000, 0x0000000787400000| Untracked 
| 117|0x0000000787500000, 0x0000000787500000, 0x0000000787600000|  0%| F|  |TAMS 0x0000000787500000, 0x0000000787500000| Untracked 
| 118|0x0000000787600000, 0x0000000787600000, 0x0000000787700000|  0%| F|  |TAMS 0x0000000787600000, 0x0000000787600000| Untracked 
| 119|0x0000000787700000, 0x0000000787700000, 0x0000000787800000|  0%| F|  |TAMS 0x0000000787700000, 0x0000000787700000| Untracked 
| 120|0x0000000787800000, 0x0000000787800000, 0x0000000787900000|  0%| F|  |TAMS 0x0000000787800000, 0x0000000787800000| Untracked 
| 121|0x0000000787900000, 0x0000000787900000, 0x0000000787a00000|  0%| F|  |TAMS 0x0000000787900000, 0x0000000787900000| Untracked 
| 122|0x0000000787a00000, 0x0000000787a00000, 0x0000000787b00000|  0%| F|  |TAMS 0x0000000787a00000, 0x0000000787a00000| Untracked 
| 123|0x0000000787b00000, 0x0000000787b825e0, 0x0000000787c00000| 50%| E|  |TAMS 0x0000000787b00000, 0x0000000787b00000| Complete 
| 124|0x0000000787c00000, 0x0000000787d00000, 0x0000000787d00000|100%| E|CS|TAMS 0x0000000787c00000, 0x0000000787c00000| Complete 
| 125|0x0000000787d00000, 0x0000000787e00000, 0x0000000787e00000|100%| E|CS|TAMS 0x0000000787d00000, 0x0000000787d00000| Complete 
| 126|0x0000000787e00000, 0x0000000787f00000, 0x0000000787f00000|100%| E|CS|TAMS 0x0000000787e00000, 0x0000000787e00000| Complete 
| 127|0x0000000787f00000, 0x0000000788000000, 0x0000000788000000|100%| E|  |TAMS 0x0000000787f00000, 0x0000000787f00000| Complete 
|1022|0x00000007bfe00000, 0x00000007bfe51000, 0x00000007bff00000| 31%|OA|  |TAMS 0x00000007bfe00000, 0x00000007bfe00000| Untracked 
|1023|0x00000007bff00000, 0x00000007bff7b000, 0x00000007c0000000| 48%|CA|  |TAMS 0x00000007bff00000, 0x00000007bff00000| Untracked 

Card table byte_map: [0x0000000115c18000,0x0000000116018000] _byte_map_base: 0x0000000112018000

Marking Bits (Prev, Next): (CMBitMap*) 0x00007f8788012218, (CMBitMap*) 0x00007f8788012258
 Prev Bits: [0x0000000126eff000, 0x0000000128eff000)
 Next Bits: [0x0000000128eff000, 0x000000012aeff000)

Polling page: 0x000000010a859000

Metaspace:

Usage:
  Non-class:      4.89 MB capacity,     1.92 MB ( 39%) used,     2.97 MB ( 61%) free+waste,     5.00 KB ( <1%) overhead. 
      Class:    467.00 KB capacity,   167.05 KB ( 36%) used,   297.01 KB ( 64%) free+waste,     2.94 KB ( <1%) overhead. 
       Both:      5.35 MB capacity,     2.08 MB ( 39%) used,     3.26 MB ( 61%) free+waste,     7.94 KB ( <1%) overhead. 

Virtual space:
  Non-class space:        8.00 MB reserved,       5.00 MB ( 62%) committed 
      Class space:        1.00 GB reserved,     512.00 KB ( <1%) committed 
             Both:        1.01 GB reserved,       5.50 MB ( <1%) committed 

Chunk freelists:
   Non-Class:  59.00 KB
       Class:  0 bytes
        Both:  59.00 KB

MaxMetaspaceSize: unlimited
CompressedClassSpaceSize: 1.00 GB

CodeHeap 'non-profiled nmethods': size=120028Kb used=108Kb max_used=108Kb free=119920Kb
 bounds [0x000000011f9c8000, 0x000000011fc38000, 0x0000000126eff000]
CodeHeap 'profiled nmethods': size=120028Kb used=482Kb max_used=482Kb free=119545Kb
 bounds [0x0000000118491000, 0x0000000118701000, 0x000000011f9c8000]
CodeHeap 'non-nmethods': size=5704Kb used=1485Kb max_used=1500Kb free=4218Kb
 bounds [0x0000000117eff000, 0x000000011816f000, 0x0000000118491000]
 total_blobs=1214 nmethods=368 adapters=760
 compilation: enabled
              stopped_count=0, restarted_count=0
 full_count=0

Compilation events (20 events):
Event: 0.258 Thread 0x00007f8789828000 nmethod 355 0x0000000118506210 code [0x00000001185063e0, 0x00000001185068e0]
Event: 0.259 Thread 0x00007f8789828000  357       3       java.nio.DirectByteBufferR::slice (66 bytes)
Event: 0.259 Thread 0x00007f8789828000 nmethod 357 0x0000000118506a90 code [0x0000000118506c40, 0x0000000118506f40]
Event: 0.259 Thread 0x00007f8789828000  358       3       java.util.Objects::checkIndex (7 bytes)
Event: 0.259 Thread 0x00007f878900d000 nmethod 354 0x000000011f9e1510 code [0x000000011f9e16c0, 0x000000011f9e1af8]
Event: 0.259 Thread 0x00007f8789828000 nmethod 358 0x0000000118507090 code [0x0000000118507280, 0x0000000118507940]
Event: 0.259 Thread 0x00007f8789828000  359       3       jdk.internal.util.Preconditions::checkIndex (18 bytes)
Event: 0.259 Thread 0x00007f8789828000 nmethod 359 0x0000000118507b90 code [0x0000000118507d80, 0x00000001185083e0]
Event: 0.259 Thread 0x00007f8789828000  360       3       java.util.ArrayList::elementData (7 bytes)
Event: 0.259 Thread 0x00007f8789828000 nmethod 360 0x0000000118508590 code [0x0000000118508720, 0x0000000118508870]
Event: 0.259 Thread 0x00007f8789828000  361       3       java.lang.String::toString (2 bytes)
Event: 0.260 Thread 0x00007f8789828000 nmethod 361 0x0000000118508990 code [0x0000000118508b20, 0x0000000118508c30]
Event: 0.264 Thread 0x00007f878900d000  362       4       java.lang.StringCoding::hasNegatives (25 bytes)
Event: 0.265 Thread 0x00007f8789828000  363       3       sun.misc.Unsafe::putInt (11 bytes)
Event: 0.265 Thread 0x00007f8789828000 nmethod 363 0x0000000118508c90 code [0x0000000118508e20, 0x0000000118508f30]
Event: 0.265 Thread 0x00007f8789828000  365       3       org.lwjgl.system.MemoryUtil::encodeASCII (66 bytes)
Event: 0.265 Thread 0x00007f8789828000 nmethod 365 0x0000000118509010 code [0x0000000118509200, 0x0000000118509790]
Event: 0.265 Thread 0x00007f8789828000  366       1       org.lwjgl.system.Pointer$Default::address (5 bytes)
Event: 0.266 Thread 0x00007f8789828000 nmethod 366 0x000000011f9e2090 code [0x000000011f9e2220, 0x000000011f9e22f0]
Event: 0.267 Thread 0x00007f878900d000 nmethod 362 0x000000011f9e2b90 code [0x000000011f9e2d20, 0x000000011f9e2f18]

GC Heap History (0 events):
No events

Deoptimization events (12 events):
Event: 0.151 Thread 0x00007f878c009000 Uncommon trap: trap_request=0xffffff45 fr.pc=0x000000011f9da468 relative=0x0000000000000068
Event: 0.151 Thread 0x00007f878c009000 Uncommon trap: reason=unstable_if action=reinterpret pc=0x000000011f9da468 method=java.lang.String.isLatin1()Z @ 10 c2
Event: 0.151 Thread 0x00007f878c009000 DEOPT PACKING pc=0x000000011f9da468 sp=0x000070000b7ff7c0
Event: 0.151 Thread 0x00007f878c009000 DEOPT UNPACKING pc=0x0000000117f47e25 sp=0x000070000b7ff770 mode 2
Event: 0.166 Thread 0x00007f878c009000 DEOPT PACKING pc=0x00000001184cb690 sp=0x000070000b7fb8e0
Event: 0.166 Thread 0x00007f878c009000 DEOPT UNPACKING pc=0x0000000117f4833a sp=0x000070000b7fad58 mode 0
Event: 0.186 Thread 0x00007f878c009000 DEOPT PACKING pc=0x00000001184c9922 sp=0x000070000b7ffad0
Event: 0.186 Thread 0x00007f878c009000 DEOPT UNPACKING pc=0x0000000117f4833a sp=0x000070000b7fef58 mode 0
Event: 0.186 Thread 0x00007f878c009000 DEOPT PACKING pc=0x00000001184a4f6b sp=0x000070000b7ffaf0
Event: 0.186 Thread 0x00007f878c009000 DEOPT UNPACKING pc=0x0000000117f4833a sp=0x000070000b7fef98 mode 0
Event: 0.264 Thread 0x00007f878c009000 DEOPT PACKING pc=0x00000001184a842f sp=0x000070000b7ff310
Event: 0.264 Thread 0x00007f878c009000 DEOPT UNPACKING pc=0x0000000117f4833a sp=0x000070000b7fe7b8 mode 0

Classes unloaded (0 events):
No events

Classes redefined (0 events):
No events

Internal exceptions (5 events):
Event: 0.099 Thread 0x00007f878c009000 Exception <a 'java/lang/NoSuchMethodError'{0x0000000787ec6768}: 'void java.lang.invoke.DelegatingMethodHandle$Holder.delegate(java.lang.Object, java.lang.Object, int, java.lang.Object)'> (0x0000000787ec6768) 
thrown [./open/src/hotspot/share/interpreter/linkResolver.cpp, line 766]
Event: 0.100 Thread 0x00007f878c009000 Exception <a 'java/lang/NoSuchMethodError'{0x0000000787ecd170}: 'java.lang.Object java.lang.invoke.DirectMethodHandle$Holder.invokeStaticInit(java.lang.Object, java.lang.Object, java.lang.Object)'> (0x0000000787ecd170) 
thrown [./open/src/hotspot/share/interpreter/linkResolver.cpp, line 766]
Event: 0.139 Thread 0x00007f878c009000 Exception <a 'sun/nio/fs/UnixException'{0x0000000787daaba8}> (0x0000000787daaba8) 
thrown [./open/src/hotspot/share/prims/jni.cpp, line 599]
Event: 0.161 Thread 0x00007f878c009000 Exception <a 'sun/nio/fs/UnixException'{0x0000000787c2aa00}> (0x0000000787c2aa00) 
thrown [./open/src/hotspot/share/prims/jni.cpp, line 599]
Event: 0.259 Thread 0x00007f878c009000 Exception <a 'sun/nio/fs/UnixException'{0x0000000787b2e6b0}> (0x0000000787b2e6b0) 
thrown [./open/src/hotspot/share/prims/jni.cpp, line 599]

Events (20 events):
Event: 0.169 loading class java/nio/DirectDoubleBufferU
Event: 0.169 loading class java/nio/DirectDoubleBufferU done
Event: 0.169 loading class sun/misc/Unsafe
Event: 0.169 loading class sun/misc/Unsafe done
Event: 0.170 loading class jdk/internal/reflect/UnsafeFieldAccessorFactory
Event: 0.170 loading class jdk/internal/reflect/UnsafeFieldAccessorFactory done
Event: 0.170 loading class jdk/internal/reflect/UnsafeQualifiedStaticObjectFieldAccessorImpl
Event: 0.170 loading class jdk/internal/reflect/UnsafeQualifiedStaticFieldAccessorImpl
Event: 0.170 loading class jdk/internal/reflect/UnsafeQualifiedStaticFieldAccessorImpl done
Event: 0.170 loading class jdk/internal/reflect/UnsafeQualifiedStaticObjectFieldAccessorImpl done
Event: 0.175 loading class java/math/MutableBigInteger
Event: 0.175 loading class java/math/MutableBigInteger done
Event: 0.175 loading class java/nio/BufferOverflowException
Event: 0.176 loading class java/nio/BufferOverflowException done
Event: 0.176 loading class java/nio/InvalidMarkException
Event: 0.176 loading class java/nio/InvalidMarkException done
Event: 0.176 loading class java/nio/BufferUnderflowException
Event: 0.176 loading class java/nio/BufferUnderflowException done
Event: 0.181 loading class java/lang/IndexOutOfBoundsException
Event: 0.181 loading class java/lang/IndexOutOfBoundsException done


Dynamic libraries:
0x00007fff67dd8000 	/usr/lib/libz.1.dylib
0x000000010a813000 	/Library/Java/JavaVirtualMachines/jdk-14.0.2.jdk/Contents/Home/lib/libjli.dylib
0x00007fff2dbea000 	/System/Library/Frameworks/Cocoa.framework/Versions/A/Cocoa
0x00007fff3b3c7000 	/System/Library/Frameworks/Security.framework/Versions/A/Security
0x00007fff2cb54000 	/System/Library/Frameworks/ApplicationServices.framework/Versions/A/ApplicationServices
0x00007fff6589c000 	/usr/lib/libSystem.B.dylib
0x00007fff68698000 	/usr/lib/system/libcache.dylib
0x00007fff6869e000 	/usr/lib/system/libcommonCrypto.dylib
0x00007fff686aa000 	/usr/lib/system/libcompiler_rt.dylib
0x00007fff686b2000 	/usr/lib/system/libcopyfile.dylib
0x00007fff686bc000 	/usr/lib/system/libcorecrypto.dylib
0x00007fff6885b000 	/usr/lib/system/libdispatch.dylib
0x00007fff6889c000 	/usr/lib/system/libdyld.dylib
0x00007fff688d3000 	/usr/lib/system/libkeymgr.dylib
0x00007fff688e1000 	/usr/lib/system/liblaunch.dylib
0x00007fff688e2000 	/usr/lib/system/libmacho.dylib
0x00007fff688e8000 	/usr/lib/system/libquarantine.dylib
0x00007fff688eb000 	/usr/lib/system/libremovefile.dylib
0x00007fff688ed000 	/usr/lib/system/libsystem_asl.dylib
0x00007fff68905000 	/usr/lib/system/libsystem_blocks.dylib
0x00007fff68906000 	/usr/lib/system/libsystem_c.dylib
0x00007fff6898e000 	/usr/lib/system/libsystem_configuration.dylib
0x00007fff68992000 	/usr/lib/system/libsystem_coreservices.dylib
0x00007fff68996000 	/usr/lib/system/libsystem_darwin.dylib
0x00007fff6899f000 	/usr/lib/system/libsystem_dnssd.dylib
0x00007fff689a7000 	/usr/lib/system/libsystem_featureflags.dylib
0x00007fff689a9000 	/usr/lib/system/libsystem_info.dylib
0x00007fff68a24000 	/usr/lib/system/libsystem_m.dylib
0x00007fff68a6c000 	/usr/lib/system/libsystem_malloc.dylib
0x00007fff68a94000 	/usr/lib/system/libsystem_networkextension.dylib
0x00007fff68aa2000 	/usr/lib/system/libsystem_notify.dylib
0x00007fff68ac0000 	/usr/lib/system/libsystem_sandbox.dylib
0x00007fff68ac5000 	/usr/lib/system/libsystem_secinit.dylib
0x00007fff689f7000 	/usr/lib/system/libsystem_kernel.dylib
0x00007fff68aac000 	/usr/lib/system/libsystem_platform.dylib
0x00007fff68ab5000 	/usr/lib/system/libsystem_pthread.dylib
0x00007fff68ac8000 	/usr/lib/system/libsystem_symptoms.dylib
0x00007fff68ad0000 	/usr/lib/system/libsystem_trace.dylib
0x00007fff68ae8000 	/usr/lib/system/libunwind.dylib
0x00007fff68aee000 	/usr/lib/system/libxpc.dylib
0x00007fff676fc000 	/usr/lib/libobjc.A.dylib
0x00007fff65bd5000 	/usr/lib/libc++abi.dylib
0x00007fff65b82000 	/usr/lib/libc++.1.dylib
0x00007fff2ea85000 	/System/Library/Frameworks/CoreFoundation.framework/Versions/A/CoreFoundation
0x00007fff3113b000 	/System/Library/Frameworks/Foundation.framework/Versions/C/Foundation
0x00007fff2bd45000 	/System/Library/Frameworks/AppKit.framework/Versions/C/AppKit
0x00007fff2e56e000 	/System/Library/Frameworks/CoreData.framework/Versions/A/CoreData
0x00007fff5f8bd000 	/System/Library/PrivateFrameworks/UIFoundation.framework/Versions/A/UIFoundation
0x00007fff5a96b000 	/System/Library/PrivateFrameworks/RemoteViewServices.framework/Versions/A/RemoteViewServices
0x00007fff62411000 	/System/Library/PrivateFrameworks/XCTTargetBootstrap.framework/Versions/A/XCTTargetBootstrap
0x00007fff2e959000 	/System/Library/Frameworks/CoreDisplay.framework/Versions/A/CoreDisplay
0x00007fff33ff4000 	/System/Library/Frameworks/Metal.framework/Versions/A/Metal
0x00007fff489da000 	/System/Library/PrivateFrameworks/DesktopServicesPriv.framework/Versions/A/DesktopServicesPriv
0x00007fff669d9000 	/usr/lib/liblangid.dylib
0x00007fff47c73000 	/System/Library/PrivateFrameworks/CoreSVG.framework/Versions/A/CoreSVG
0x00007fff5dac1000 	/System/Library/PrivateFrameworks/SkyLight.framework/Versions/A/SkyLight
0x00007fff2ef06000 	/System/Library/Frameworks/CoreGraphics.framework/Versions/A/CoreGraphics
0x00007fff2a719000 	/System/Library/Frameworks/Accelerate.framework/Versions/A/Accelerate
0x00007fff67cc9000 	/usr/lib/libxml2.2.dylib
0x00007fff5391d000 	/System/Library/PrivateFrameworks/IconServices.framework/Versions/A/IconServices
0x00007fff3191a000 	/System/Library/Frameworks/IOSurface.framework/Versions/A/IOSurface
0x00007fff653c6000 	/usr/lib/libDiagnosticMessagesClient.dylib
0x00007fff48834000 	/System/Library/PrivateFrameworks/DFRFoundation.framework/Versions/A/DFRFoundation
0x00007fff66768000 	/usr/lib/libicucore.A.dylib
0x00007fff2ce86000 	/System/Library/Frameworks/AudioToolbox.framework/Versions/A/AudioToolbox
0x00007fff2cf69000 	/System/Library/Frameworks/AudioUnit.framework/Versions/A/AudioUnit
0x00007fff65a9e000 	/usr/lib/libauto.dylib
0x00007fff488d6000 	/System/Library/PrivateFrameworks/DataDetectorsCore.framework/Versions/A/DataDetectorsCore
0x00007fff2d70b000 	/System/Library/Frameworks/Carbon.framework/Versions/A/Frameworks/HIToolbox.framework/Versions/A/HIToolbox
0x00007fff3a5c4000 	/System/Library/Frameworks/QuartzCore.framework/Versions/A/QuartzCore
0x00007fff2da4a000 	/System/Library/Frameworks/Carbon.framework/Versions/A/Frameworks/SpeechRecognition.framework/Versions/A/SpeechRecognition
0x00007fff4834b000 	/System/Library/PrivateFrameworks/CoreUI.framework/Versions/A/CoreUI
0x00007fff2dfd9000 	/System/Library/Frameworks/CoreAudio.framework/Versions/A/CoreAudio
0x00007fff30e00000 	/System/Library/Frameworks/DiskArbitration.framework/Versions/A/DiskArbitration
0x00007fff5596a000 	/System/Library/PrivateFrameworks/MultitouchSupport.framework/Versions/A/MultitouchSupport
0x00007fff6662f000 	/usr/lib/libenergytrace.dylib
0x00007fff31874000 	/System/Library/Frameworks/IOKit.framework/Versions/A/IOKit
0x00007fff2fe6d000 	/System/Library/Frameworks/CoreServices.framework/Versions/A/CoreServices
0x00007fff57b01000 	/System/Library/PrivateFrameworks/PerformanceAnalysis.framework/Versions/A/PerformanceAnalysis
0x00007fff395f7000 	/System/Library/Frameworks/OpenGL.framework/Versions/A/OpenGL
0x00007fff2dbf8000 	/System/Library/Frameworks/ColorSync.framework/Versions/A/ColorSync
0x00007fff2f588000 	/System/Library/Frameworks/CoreImage.framework/Versions/A/CoreImage
0x00007fff308df000 	/System/Library/Frameworks/CoreText.framework/Versions/A/CoreText
0x00007fff319aa000 	/System/Library/Frameworks/ImageIO.framework/Versions/A/ImageIO
0x00007fff65bfe000 	/usr/lib/libcompression.dylib
0x00007fff6570a000 	/usr/lib/libMobileGestalt.dylib
0x00007fff5f636000 	/System/Library/PrivateFrameworks/TextureIO.framework/Versions/A/TextureIO
0x00007fff65a01000 	/usr/lib/libate.dylib
0x00007fff53b26000 	/System/Library/PrivateFrameworks/InternationalSupport.framework/Versions/A/InternationalSupport
0x00007fff669db000 	/usr/lib/liblzma.5.dylib
0x00007fff66656000 	/usr/lib/libfakelink.dylib
0x00007fff6598e000 	/usr/lib/libarchive.2.dylib
0x00007fff3c477000 	/System/Library/Frameworks/SystemConfiguration.framework/Versions/A/SystemConfiguration
0x00007fff652f9000 	/usr/lib/libCRFSuite.dylib
0x00007fff2d2fc000 	/System/Library/Frameworks/CFNetwork.framework/Versions/A/CFNetwork
0x00007fff65b64000 	/usr/lib/libbsm.0.dylib
0x00007fff688d4000 	/usr/lib/system/libkxld.dylib
0x00007fff42209000 	/System/Library/PrivateFrameworks/AppleFSCompression.framework/Versions/A/AppleFSCompression
0x00007fff65eef000 	/usr/lib/libcoretls.dylib
0x00007fff65f06000 	/usr/lib/libcoretls_cfhelpers.dylib
0x00007fff67742000 	/usr/lib/libpam.2.dylib
0x00007fff67877000 	/usr/lib/libsqlite3.dylib
0x00007fff67cb6000 	/usr/lib/libxar.1.dylib
0x00007fff65b75000 	/usr/lib/libbz2.1.0.dylib
0x00007fff66677000 	/usr/lib/libiconv.2.dylib
0x00007fff65beb000 	/usr/lib/libcharset.1.dylib
0x00007fff671e1000 	/usr/lib/libnetwork.dylib
0x00007fff67749000 	/usr/lib/libpcap.A.dylib
0x00007fff65943000 	/usr/lib/libapple_nghttp2.dylib
0x00007fff30224000 	/System/Library/Frameworks/CoreServices.framework/Versions/A/Frameworks/FSEvents.framework/Versions/A/FSEvents
0x00007fff2fef4000 	/System/Library/Frameworks/CoreServices.framework/Versions/A/Frameworks/CarbonCore.framework/Versions/A/CarbonCore
0x00007fff30467000 	/System/Library/Frameworks/CoreServices.framework/Versions/A/Frameworks/Metadata.framework/Versions/A/Metadata
0x00007fff30500000 	/System/Library/Frameworks/CoreServices.framework/Versions/A/Frameworks/OSServices.framework/Versions/A/OSServices
0x00007fff3052e000 	/System/Library/Frameworks/CoreServices.framework/Versions/A/Frameworks/SearchKit.framework/Versions/A/SearchKit
0x00007fff2fe6e000 	/System/Library/Frameworks/CoreServices.framework/Versions/A/Frameworks/AE.framework/Versions/A/AE
0x00007fff3022d000 	/System/Library/Frameworks/CoreServices.framework/Versions/A/Frameworks/LaunchServices.framework/Versions/A/LaunchServices
0x00007fff301d6000 	/System/Library/Frameworks/CoreServices.framework/Versions/A/Frameworks/DictionaryServices.framework/Versions/A/DictionaryServices
0x00007fff30596000 	/System/Library/Frameworks/CoreServices.framework/Versions/A/Frameworks/SharedFileList.framework/Versions/A/SharedFileList
0x00007fff35417000 	/System/Library/Frameworks/NetFS.framework/Versions/A/NetFS
0x00007fff55e99000 	/System/Library/PrivateFrameworks/NetAuth.framework/Versions/A/NetAuth
0x00007fff627de000 	/System/Library/PrivateFrameworks/login.framework/Versions/A/Frameworks/loginsupport.framework/Versions/A/loginsupport
0x00007fff5f103000 	/System/Library/PrivateFrameworks/TCC.framework/Versions/A/TCC
0x00007fff46de6000 	/System/Library/PrivateFrameworks/CoreNLP.framework/Versions/A/CoreNLP
0x00007fff55398000 	/System/Library/PrivateFrameworks/MetadataUtilities.framework/Versions/A/MetadataUtilities
0x00007fff66ab3000 	/usr/lib/libmecabra.dylib
0x00007fff66a0b000 	/usr/lib/libmecab.dylib
0x00007fff66667000 	/usr/lib/libgermantok.dylib
0x00007fff6592a000 	/usr/lib/libThaiTokenizer.dylib
0x00007fff65330000 	/usr/lib/libChineseTokenizer.dylib
0x00007fff2a731000 	/System/Library/Frameworks/Accelerate.framework/Versions/A/Frameworks/vImage.framework/Versions/A/vImage
0x00007fff2bb9b000 	/System/Library/Frameworks/Accelerate.framework/Versions/A/Frameworks/vecLib.framework/Versions/A/vecLib
0x00007fff2bad8000 	/System/Library/Frameworks/Accelerate.framework/Versions/A/Frameworks/vecLib.framework/Versions/A/libvMisc.dylib
0x00007fff2b900000 	/System/Library/Frameworks/Accelerate.framework/Versions/A/Frameworks/vecLib.framework/Versions/A/libvDSP.dylib
0x00007fff2ad88000 	/System/Library/Frameworks/Accelerate.framework/Versions/A/Frameworks/vecLib.framework/Versions/A/libBLAS.dylib
0x00007fff2b4c4000 	/System/Library/Frameworks/Accelerate.framework/Versions/A/Frameworks/vecLib.framework/Versions/A/libLAPACK.dylib
0x00007fff2b860000 	/System/Library/Frameworks/Accelerate.framework/Versions/A/Frameworks/vecLib.framework/Versions/A/libLinearAlgebra.dylib
0x00007fff2b8ed000 	/System/Library/Frameworks/Accelerate.framework/Versions/A/Frameworks/vecLib.framework/Versions/A/libSparseBLAS.dylib
0x00007fff2b876000 	/System/Library/Frameworks/Accelerate.framework/Versions/A/Frameworks/vecLib.framework/Versions/A/libQuadrature.dylib
0x00007fff2aff0000 	/System/Library/Frameworks/Accelerate.framework/Versions/A/Frameworks/vecLib.framework/Versions/A/libBNNS.dylib
0x00007fff2b87c000 	/System/Library/Frameworks/Accelerate.framework/Versions/A/Frameworks/vecLib.framework/Versions/A/libSparse.dylib
0x00007fff53f0e000 	/System/Library/PrivateFrameworks/LanguageModeling.framework/Versions/A/LanguageModeling
0x00007fff46796000 	/System/Library/PrivateFrameworks/CoreEmoji.framework/Versions/A/CoreEmoji
0x00007fff5402c000 	/System/Library/PrivateFrameworks/LinguisticData.framework/Versions/A/LinguisticData
0x00007fff53fdd000 	/System/Library/PrivateFrameworks/Lexicon.framework/Versions/A/Lexicon
0x00007fff65bec000 	/usr/lib/libcmph.dylib
0x00007fff38005000 	/System/Library/Frameworks/OpenDirectory.framework/Versions/A/Frameworks/CFOpenDirectory.framework/Versions/A/CFOpenDirectory
0x00007fff38022000 	/System/Library/Frameworks/OpenDirectory.framework/Versions/A/OpenDirectory
0x00007fff40442000 	/System/Library/PrivateFrameworks/APFS.framework/Versions/A/APFS
0x00007fff3b711000 	/System/Library/Frameworks/SecurityFoundation.framework/Versions/A/SecurityFoundation
0x00007fff67cb2000 	/usr/lib/libutil.dylib
0x00007fff47ccb000 	/System/Library/PrivateFrameworks/CoreServicesStore.framework/Versions/A/CoreServicesStore
0x00007fff3b7c8000 	/System/Library/Frameworks/ServiceManagement.framework/Versions/A/ServiceManagement
0x00007fff439d7000 	/System/Library/PrivateFrameworks/BackgroundTaskManagement.framework/Versions/A/BackgroundTaskManagement
0x00007fff67daf000 	/usr/lib/libxslt.1.dylib
0x00007fff4287b000 	/System/Library/PrivateFrameworks/AppleSystemInfo.framework/Versions/A/AppleSystemInfo
0x00007fff31bc5000 	/System/Library/Frameworks/ImageIO.framework/Versions/A/Resources/libJPEG.dylib
0x00007fff31e81000 	/System/Library/Frameworks/ImageIO.framework/Versions/A/Resources/libTIFF.dylib
0x00007fff31e64000 	/System/Library/Frameworks/ImageIO.framework/Versions/A/Resources/libPng.dylib
0x00007fff31b07000 	/System/Library/Frameworks/ImageIO.framework/Versions/A/Resources/libGIF.dylib
0x00007fff31b0b000 	/System/Library/Frameworks/ImageIO.framework/Versions/A/Resources/libJP2.dylib
0x00007fff31e7f000 	/System/Library/Frameworks/ImageIO.framework/Versions/A/Resources/libRadiance.dylib
0x00007fff66630000 	/usr/lib/libexpat.1.dylib
0x00007fff42364000 	/System/Library/PrivateFrameworks/AppleJPEG.framework/Versions/A/AppleJPEG
0x00007fff4af90000 	/System/Library/PrivateFrameworks/FontServices.framework/libFontParser.dylib
0x00007fff617e4000 	/System/Library/PrivateFrameworks/WatchdogClient.framework/Versions/A/WatchdogClient
0x00007fff5356a000 	/System/Library/PrivateFrameworks/IOAccelerator.framework/Versions/A/IOAccelerator
0x00007fff3438f000 	/System/Library/Frameworks/MetalPerformanceShaders.framework/Versions/A/MetalPerformanceShaders
0x00007fff4fd03000 	/System/Library/PrivateFrameworks/GPUWrangler.framework/Versions/A/GPUWrangler
0x00007fff5357f000 	/System/Library/PrivateFrameworks/IOPresentment.framework/Versions/A/IOPresentment
0x00007fff48847000 	/System/Library/PrivateFrameworks/DSExternalDisplay.framework/Versions/A/DSExternalDisplay
0x00007fff38996000 	/System/Library/Frameworks/OpenGL.framework/Versions/A/Libraries/libCoreFSCache.dylib
0x00007fff340db000 	/System/Library/Frameworks/MetalPerformanceShaders.framework/Frameworks/MPSCore.framework/Versions/A/MPSCore
0x00007fff34119000 	/System/Library/Frameworks/MetalPerformanceShaders.framework/Frameworks/MPSImage.framework/Versions/A/MPSImage
0x00007fff341e0000 	/System/Library/Frameworks/MetalPerformanceShaders.framework/Frameworks/MPSNeuralNetwork.framework/Versions/A/MPSNeuralNetwork
0x00007fff341a4000 	/System/Library/Frameworks/MetalPerformanceShaders.framework/Frameworks/MPSMatrix.framework/Versions/A/MPSMatrix
0x00007fff3433f000 	/System/Library/Frameworks/MetalPerformanceShaders.framework/Frameworks/MPSRayIntersector.framework/Versions/A/MPSRayIntersector
0x00007fff341ca000 	/System/Library/Frameworks/MetalPerformanceShaders.framework/Frameworks/MPSNDArray.framework/Versions/A/MPSNDArray
0x00007fff553e5000 	/System/Library/PrivateFrameworks/MetalTools.framework/Versions/A/MetalTools
0x00007fff41614000 	/System/Library/PrivateFrameworks/AggregateDictionary.framework/Versions/A/AggregateDictionary
0x00007fff461f0000 	/System/Library/PrivateFrameworks/CoreAnalytics.framework/Versions/A/CoreAnalytics
0x00007fff4279a000 	/System/Library/PrivateFrameworks/AppleSauce.framework/Versions/A/AppleSauce
0x00007fff655ec000 	/usr/lib/libIOReport.dylib
0x00007fff30a97000 	/System/Library/Frameworks/CoreVideo.framework/Versions/A/CoreVideo
0x00007fff5117d000 	/System/Library/PrivateFrameworks/GraphVisualizer.framework/Versions/A/GraphVisualizer
0x00007fff4a4e4000 	/System/Library/PrivateFrameworks/FaceCore.framework/Versions/A/FaceCore
0x00007fff37fac000 	/System/Library/Frameworks/OpenCL.framework/Versions/A/OpenCL
0x00007fff6540e000 	/usr/lib/libFosl_dynamic.dylib
0x00007fff568ae000 	/System/Library/PrivateFrameworks/OTSVG.framework/Versions/A/OTSVG
0x00007fff2cc59000 	/System/Library/Frameworks/ApplicationServices.framework/Versions/A/Frameworks/ATS.framework/Versions/A/Resources/libFontRegistry.dylib
0x00007fff4b161000 	/System/Library/PrivateFrameworks/FontServices.framework/libhvf.dylib
0x00007fff389a1000 	/System/Library/Frameworks/OpenGL.framework/Versions/A/Libraries/libGFXShared.dylib
0x00007fff38b7f000 	/System/Library/Frameworks/OpenGL.framework/Versions/A/Libraries/libGLU.dylib
0x00007fff389aa000 	/System/Library/Frameworks/OpenGL.framework/Versions/A/Libraries/libGL.dylib
0x00007fff389b5000 	/System/Library/Frameworks/OpenGL.framework/Versions/A/Libraries/libGLImage.dylib
0x00007fff38993000 	/System/Library/Frameworks/OpenGL.framework/Versions/A/Libraries/libCVMSPluginSupport.dylib
0x00007fff3899c000 	/System/Library/Frameworks/OpenGL.framework/Versions/A/Libraries/libCoreVMClient.dylib
0x00007fff67082000 	/usr/lib/libncurses.5.4.dylib
0x00007fff2cb55000 	/System/Library/Frameworks/ApplicationServices.framework/Versions/A/Frameworks/ATS.framework/Versions/A/ATS
0x00007fff2cd22000 	/System/Library/Frameworks/ApplicationServices.framework/Versions/A/Frameworks/ColorSyncLegacy.framework/Versions/A/ColorSyncLegacy
0x00007fff2cdc0000 	/System/Library/Frameworks/ApplicationServices.framework/Versions/A/Frameworks/HIServices.framework/Versions/A/HIServices
0x00007fff2ce18000 	/System/Library/Frameworks/ApplicationServices.framework/Versions/A/Frameworks/LangAnalysis.framework/Versions/A/LangAnalysis
0x00007fff2ce27000 	/System/Library/Frameworks/ApplicationServices.framework/Versions/A/Frameworks/PrintCore.framework/Versions/A/PrintCore
0x00007fff2ce6d000 	/System/Library/Frameworks/ApplicationServices.framework/Versions/A/Frameworks/QD.framework/Versions/A/QD
0x00007fff2ce78000 	/System/Library/Frameworks/ApplicationServices.framework/Versions/A/Frameworks/SpeechSynthesis.framework/Versions/A/SpeechSynthesis
0x00007fff2ccf2000 	/System/Library/Frameworks/ApplicationServices.framework/Versions/A/Frameworks/ATSUI.framework/Versions/A/ATSUI
0x00007fff664c4000 	/usr/lib/libcups.2.dylib
0x00007fff3342c000 	/System/Library/Frameworks/Kerberos.framework/Versions/A/Kerberos
0x00007fff3156d000 	/System/Library/Frameworks/GSS.framework/Versions/A/GSS
0x00007fff67803000 	/usr/lib/libresolv.9.dylib
0x00007fff5132b000 	/System/Library/PrivateFrameworks/Heimdal.framework/Versions/A/Heimdal
0x00007fff3343f000 	/System/Library/Frameworks/Kerberos.framework/Versions/A/Libraries/libHeimdalProxy.dylib
0x00007fff6666d000 	/usr/lib/libheimdal-asn1.dylib
0x00007fff45689000 	/System/Library/PrivateFrameworks/CommonAuth.framework/Versions/A/CommonAuth
0x00007fff42918000 	/System/Library/PrivateFrameworks/AssertionServices.framework/Versions/A/AssertionServices
0x00007fff434ba000 	/System/Library/PrivateFrameworks/AudioToolboxCore.framework/Versions/A/AudioToolboxCore
0x00007fff6248e000 	/System/Library/PrivateFrameworks/caulk.framework/Versions/A/caulk
0x00007fff43a83000 	/System/Library/PrivateFrameworks/BaseBoard.framework/Versions/A/BaseBoard
0x00007fff5aaf9000 	/System/Library/PrivateFrameworks/RunningBoardServices.framework/Versions/A/RunningBoardServices
0x00007fff57b0d000 	/System/Library/PrivateFrameworks/PersistentConnection.framework/Versions/A/PersistentConnection
0x00007fff5a4f3000 	/System/Library/PrivateFrameworks/ProtocolBuffer.framework/Versions/A/ProtocolBuffer
0x00007fff456ad000 	/System/Library/PrivateFrameworks/CommonUtilities.framework/Versions/A/CommonUtilities
0x00007fff43c11000 	/System/Library/PrivateFrameworks/Bom.framework/Versions/A/Bom
0x00007fff652bf000 	/usr/lib/libAudioToolboxUtility.dylib
0x00007fff439e1000 	/System/Library/PrivateFrameworks/Backup.framework/Versions/A/Backup
0x00007fff48768000 	/System/Library/PrivateFrameworks/CrashReporterSupport.framework/Versions/A/CrashReporterSupport
0x00007fff5c587000 	/System/Library/PrivateFrameworks/Sharing.framework/Versions/A/Sharing
0x00007fff41f27000 	/System/Library/PrivateFrameworks/Apple80211.framework/Versions/A/Apple80211
0x00007fff436fe000 	/System/Library/PrivateFrameworks/AuthKit.framework/Versions/A/AuthKit
0x00007fff48478000 	/System/Library/PrivateFrameworks/CoreUtils.framework/Versions/A/CoreUtils
0x00007fff30adc000 	/System/Library/Frameworks/CoreWLAN.framework/Versions/A/CoreWLAN
0x00007fff316fa000 	/System/Library/Frameworks/IOBluetooth.framework/Versions/A/IOBluetooth
0x00007fff556e9000 	/System/Library/PrivateFrameworks/MobileKeyBag.framework/Versions/A/MobileKeyBag
0x00007fff4727e000 	/System/Library/PrivateFrameworks/CorePhoneNumbers.framework/Versions/A/CorePhoneNumbers
0x00007fff42317000 	/System/Library/PrivateFrameworks/AppleIDAuthSupport.framework/Versions/A/AppleIDAuthSupport
0x00007fff35424000 	/System/Library/Frameworks/Network.framework/Versions/A/Network
0x00007fff53dba000 	/System/Library/PrivateFrameworks/KeychainCircle.framework/Versions/A/KeychainCircle
0x00007fff2e535000 	/System/Library/Frameworks/CoreBluetooth.framework/Versions/A/CoreBluetooth
0x00007fff5e604000 	/System/Library/PrivateFrameworks/SpeechRecognitionCore.framework/Versions/A/SpeechRecognitionCore
0x000000010ba00000 	/Library/Java/JavaVirtualMachines/jdk-14.0.2.jdk/Contents/Home/lib/server/libjvm.dylib
0x000000010a84e000 	/Library/Java/JavaVirtualMachines/jdk-14.0.2.jdk/Contents/Home/lib/libjimage.dylib
0x000000010a8a3000 	/Library/Java/JavaVirtualMachines/jdk-14.0.2.jdk/Contents/Home/lib/libjava.dylib
0x000000010a8cb000 	/Library/Java/JavaVirtualMachines/jdk-14.0.2.jdk/Contents/Home/lib/libzip.dylib
0x00000001175e7000 	/Library/Java/JavaVirtualMachines/jdk-14.0.2.jdk/Contents/Home/lib/libnio.dylib
0x00000001175fa000 	/Library/Java/JavaVirtualMachines/jdk-14.0.2.jdk/Contents/Home/lib/libnet.dylib
0x00000001176b5000 	/private/var/folders/bj/4hs15ykj5m3g4rr53wsv_n9h0000gn/T/lwjglvic/3.2.3-build-13/liblwjgl.dylib
0x00000001176fc000 	/private/var/folders/bj/4hs15ykj5m3g4rr53wsv_n9h0000gn/T/lwjglvic/3.2.3-build-13/libglfw.dylib
0x00007fff47c97000 	/System/Library/PrivateFrameworks/CoreServicesInternal.framework/Versions/A/CoreServicesInternal
0x00007fff30ff8000 	/System/Library/Frameworks/FileProvider.framework/Versions/A/FileProvider
0x00007fff2bb9c000 	/System/Library/Frameworks/Accounts.framework/Versions/A/Accounts
0x00007fff50028000 	/System/Library/PrivateFrameworks/GenerationalStorage.framework/Versions/A/GenerationalStorage
0x00007fff4821d000 	/System/Library/PrivateFrameworks/CoreSymbolication.framework/Versions/A/CoreSymbolication
0x00007fff5ee44000 	/System/Library/PrivateFrameworks/SymptomDiagnosticReporter.framework/Versions/A/SymptomDiagnosticReporter
0x00007fff41a2c000 	/System/Library/PrivateFrameworks/AppContainer.framework/Versions/A/AppContainer
0x00007fff6781d000 	/usr/lib/libsandbox.1.dylib
0x00007fff60788000 	/System/Library/PrivateFrameworks/UserManagement.framework/Versions/A/UserManagement
0x00007fff447c9000 	/System/Library/PrivateFrameworks/ChunkingLibrary.framework/Versions/A/ChunkingLibrary
0x00007fff4899c000 	/System/Library/PrivateFrameworks/DebugSymbols.framework/Versions/A/DebugSymbols
0x00007fff41a9e000 	/System/Library/PrivateFrameworks/AppSandbox.framework/Versions/A/AppSandbox
0x00007fff5c411000 	/System/Library/PrivateFrameworks/SecCodeWrapper.framework/Versions/A/SecCodeWrapper
0x00007fff656d4000 	/usr/lib/libMatch.1.dylib
0x0000000117d4a000 	/usr/lib/libobjc-trampolines.dylib
0x00007fff2a71a000 	/System/Library/Frameworks/Accelerate.framework/Versions/A/Frameworks/vImage.framework/Versions/A/Libraries/libCGInterfaces.dylib
0x00007fff627e1000 	/System/Library/PrivateFrameworks/login.framework/Versions/A/login
0x00007fff4b0c8000 	/System/Library/PrivateFrameworks/FontServices.framework/libTrueTypeScaler.dylib
0x00007fff27493000 	/System/Library/Extensions/AppleIntelKBLGraphicsMTLDriver.bundle/Contents/MacOS/AppleIntelKBLGraphicsMTLDriver


VM Arguments:
jvm_args: -Djava.library.path=/Users/vic/eclipse-workspace/Engine/native/glfw:/Users/vic/eclipse-workspace/Engine/native/lwjgl -Dfile.encoding=UTF-8 -XX:+ShowCodeDetailsInExceptionMessages 
java_command: main.Main
java_class_path (initial): /Users/vic/eclipse-workspace/Engine/bin:/Users/vic/eclipse-workspace/Engine/library/lwjgl-glfw.jar:/Users/vic/eclipse-workspace/Engine/library/lwjgl.jar:/Users/vic/eclipse-workspace/Engine/native/glfw/lwjgl-glfw-natives-linux.jar:/Users/vic/eclipse-workspace/Engine/native/glfw/lwjgl-glfw-natives-linux-arm32.jar:/Users/vic/eclipse-workspace/Engine/native/glfw/lwjgl-glfw-natives-linux-arm64.jar:/Users/vic/eclipse-workspace/Engine/native/glfw/lwjgl-glfw-natives-macos.jar:/Users/vic/eclipse-workspace/Engine/native/glfw/lwjgl-glfw-natives-windows.jar:/Users/vic/eclipse-workspace/Engine/native/glfw/lwjgl-glfw-natives-windows-x86.jar:/Users/vic/eclipse-workspace/Engine/native/lwjgl/lwjgl-natives-linux.jar:/Users/vic/eclipse-workspace/Engine/native/lwjgl/lwjgl-natives-linux-arm32.jar:/Users/vic/eclipse-workspace/Engine/native/lwjgl/lwjgl-natives-linux-arm64.jar:/Users/vic/eclipse-workspace/Engine/native/lwjgl/lwjgl-natives-macos.jar:/Users/vic/eclipse-workspace/Engine/native/lwjgl/lwjgl-natives-windows.jar:/Users/vic/eclipse-workspace/Engine/native/lwjgl/lwjgl-natives-windows-x86.jar
Launcher Type: SUN_STANDARD

[Global flags]
     intx CICompilerCount                          = 4                                         {product} {ergonomic}
     uint ConcGCThreads                            = 2                                         {product} {ergonomic}
     uint G1ConcRefinementThreads                  = 8                                         {product} {ergonomic}
   size_t G1HeapRegionSize                         = 1048576                                   {product} {ergonomic}
    uintx GCDrainStackTargetSize                   = 64                                        {product} {ergonomic}
   size_t InitialHeapSize                          = 134217728                                 {product} {ergonomic}
   size_t MarkStackSize                            = 4194304                                   {product} {ergonomic}
   size_t MaxHeapSize                              = 2147483648                                {product} {ergonomic}
   size_t MaxNewSize                               = 1287651328                                {product} {ergonomic}
   size_t MinHeapDeltaBytes                        = 1048576                                   {product} {ergonomic}
   size_t MinHeapSize                              = 8388608                                   {product} {ergonomic}
    uintx NonNMethodCodeHeapSize                   = 5839372                                {pd product} {ergonomic}
    uintx NonProfiledCodeHeapSize                  = 122909434                              {pd product} {ergonomic}
    uintx ProfiledCodeHeapSize                     = 122909434                              {pd product} {ergonomic}
    uintx ReservedCodeCacheSize                    = 251658240                              {pd product} {ergonomic}
     bool SegmentedCodeCache                       = true                                      {product} {ergonomic}
     bool ShowCodeDetailsInExceptionMessages       = true                                   {manageable} {command line}
   size_t SoftMaxHeapSize                          = 2147483648                             {manageable} {ergonomic}
     bool UseCompressedClassPointers               = true                                 {lp64_product} {ergonomic}
     bool UseCompressedOops                        = true                                 {lp64_product} {ergonomic}
     bool UseG1GC                                  = true                                      {product} {ergonomic}

Logging:
Log output configuration:
 #0: stdout all=warning uptime,level,tags
 #1: stderr all=off uptime,level,tags

Environment Variables:
PATH=/usr/bin:/bin:/usr/sbin:/sbin
SHELL=/bin/zsh

Signal Handlers:
SIGSEGV: [libjvm.dylib+0x7415b8], sa_mask[0]=11111111011111110111111111111111, sa_flags=SA_ONSTACK|SA_RESTART|SA_SIGINFO
SIGBUS: [libjvm.dylib+0x7415b8], sa_mask[0]=11111111011111110111111111111111, sa_flags=SA_RESTART|SA_SIGINFO
SIGFPE: [libjvm.dylib+0x7415b8], sa_mask[0]=11111111011111110111111111111111, sa_flags=SA_RESTART|SA_SIGINFO
SIGPIPE: [libjvm.dylib+0x5eb4b1], sa_mask[0]=11111111011111110111111111111111, sa_flags=SA_RESTART|SA_SIGINFO
SIGXFSZ: [libjvm.dylib+0x5eb4b1], sa_mask[0]=11111111011111110111111111111111, sa_flags=SA_RESTART|SA_SIGINFO
SIGILL: [libjvm.dylib+0x7415b8], sa_mask[0]=11111111011111110111111111111111, sa_flags=SA_RESTART|SA_SIGINFO
SIGUSR2: [libjvm.dylib+0x5eba83], sa_mask[0]=00100000000000000000000000000000, sa_flags=SA_RESTART|SA_SIGINFO
SIGHUP: [libjvm.dylib+0x5eaae5], sa_mask[0]=11111111011111110111111111111111, sa_flags=SA_RESTART|SA_SIGINFO
SIGINT: [libjvm.dylib+0x5eaae5], sa_mask[0]=11111111011111110111111111111111, sa_flags=SA_RESTART|SA_SIGINFO
SIGTERM: [libjvm.dylib+0x5eaae5], sa_mask[0]=11111111011111110111111111111111, sa_flags=SA_RESTART|SA_SIGINFO
SIGQUIT: [libjvm.dylib+0x5eaae5], sa_mask[0]=11111111011111110111111111111111, sa_flags=SA_RESTART|SA_SIGINFO


---------------  S Y S T E M  ---------------

OS:uname:Darwin 19.4.0 Darwin Kernel Version 19.4.0: Wed Mar  4 22:28:40 PST 2020; root:xnu-6153.101.6~15/RELEASE_X86_64 x86_64
OS uptime: 2 days 15:37 hours
rlimit: STACK 8192k, CORE 0k, NPROC 1392, NOFILE 10240, AS infinity, DATA infinity, FSIZE infinity
load average:3.28 2.70 2.54

CPU:total 8 (initial active 8) (4 cores per cpu, 2 threads per core) family 6 model 142 stepping 10, cmov, cx8, fxsr, mmx, sse, sse2, sse3, ssse3, sse4.1, sse4.2, popcnt, avx, avx2, aes, clmul, erms, 3dnowpref, lzcnt, ht, tsc, tscinvbit, bmi1, bmi2, adx, fma

Memory: 4k page, physical 8388608k(29140k free), swap 3145728k(863232k free)

vm_info: Java HotSpot(TM) 64-Bit Server VM (14.0.2+12-46) for bsd-amd64 JRE (14.0.2+12-46), built on Jul  8 2020 23:32:31 by "mach5one" with clang 4.2.1 Compatible Apple LLVM 10.0.0 (clang-1000.11.45.5)

END.
