#
# A fatal error has been detected by the Java Runtime Environment:
#
#  SIGILL (0x4) at pc=0x00007fff2ec0418e, pid=78549, tid=775
#
# JRE version: Java(TM) SE Runtime Environment (14.0.2+12) (build 14.0.2+12-46)
# Java VM: Java HotSpot(TM) 64-Bit Server VM (14.0.2+12-46, mixed mode, sharing, tiered, compressed oops, g1 gc, bsd-amd64)
# Problematic frame:
# C  [CoreFoundation+0x17f18e]  getAtomTarget+0x83
#
# No core dump will be written. Core dumps have been disabled. To enable core dumping, try "ulimit -c unlimited" before starting Java again
#
# If you would like to submit a bug report, please visit:
#   https://bugreport.java.com/bugreport/crash.jsp
#

---------------  S U M M A R Y ------------

Command Line: -Djava.library.path=/Users/vic/eclipse-workspace/Engine/native/glfw:/Users/vic/eclipse-workspace/Engine/native/lwjgl -Dfile.encoding=UTF-8 -XX:+ShowCodeDetailsInExceptionMessages main.Main

Host: MacBookPro15,4 x86_64 1400 MHz, 8 cores, 8G, Darwin 19.4.0
Time: Sun Nov  1 22:51:03 2020 EST elapsed time: 49 seconds (0d 0h 0m 49s)

---------------  T H R E A D  ---------------

Current thread is native thread

Stack: [0x00007ffee63be000,0x00007ffee6bbe000],  sp=0x00007ffee6bb9820,  free space=8174k
Native frames: (J=compiled Java code, A=aot compiled Java code, j=interpreted, Vv=VM code, C=native code)
C  [CoreFoundation+0x17f18e]  getAtomTarget+0x83
C  [CoreFoundation+0x64418]  ___forwarding___+0x430
C  [CoreFoundation+0x63f58]  _CF_forwarding_prep_0+0x78
